<?xml version="1.0" encoding="UTF-8"?>
<testsuite xmlns:xsi="http://www.w3.org/2001/XMLSchema-instance" xsi:noNamespaceSchemaLocation="https://maven.apache.org/surefire/maven-surefire-plugin/xsd/surefire-test-report.xsd" name="Codefios billing page login functionality validation" time="12.77" tests="3" errors="0" skipped="0" failures="0">
  <properties>
[...]
</properties>
  <testcase name="User should be able to login with valid credential" classname="Codefios billing page login functionality validation" time="12.755"/>
  <testcase name="User should be able to login with valid credential" classname="Codefios billing page login functionality validation" time="12.769"/>
  <testcase name="User should be able to login with valid credential" classname="Codefios billing page login functionality validation" time="12.708"/>
</testsuite>